<?xml version="1.0" encoding="UTF-8"?>
<testsuite xmlns:xsi="http://www.w3.org/2001/XMLSchema-instance" xsi:noNamespaceSchemaLocation="https://maven.apache.org/surefire/maven-surefire-plugin/xsd/surefire-test-report.xsd" name="pwo.AppTest" time="0.066" tests="1" errors="0" skipped="0" failures="0">
  <properties>
    <property name="java.specification.version" value="19"/>
    <property name="sun.cpu.isalist" value="amd64"/>
    <property name="sun.jnu.encoding" value="Cp1251"/>
    <property name="java.class.path" value="G:\pwo\lab07\target\test-classes;G:\pwo\lab07\target\classes;C:\Users\rock0\.m2\repository\junit\junit\4.11\junit-4.11.jar;C:\Users\rock0\.m2\repository\org\hamcrest\hamcrest-core\1.3\hamcrest-core-1.3.jar;C:\Users\rock0\.m2\repository\org\apache\pdfbox\pdfbox\2.0.1\pdfbox-2.0.1.jar;C:\Users\rock0\.m2\repository\org\apache\pdfbox\fontbox\2.0.1\fontbox-2.0.1.jar;C:\Users\rock0\.m2\repository\commons-logging\commons-logging\1.2\commons-logging-1.2.jar;"/>
    <property name="java.vm.vendor" value="Oracle Corporation"/>
    <property name="sun.arch.data.model" value="64"/>
    <property name="user.variant" value=""/>
    <property name="java.vendor.url" value="https://java.oracle.com/"/>
    <property name="user.timezone" value="Europe/Warsaw"/>
    <property name="user.country.format" value="PL"/>
    <property name="os.name" value="Windows 10"/>
    <property name="java.vm.specification.version" value="19"/>
    <property name="sun.java.launcher" value="SUN_STANDARD"/>
    <property name="user.country" value="UA"/>
    <property name="sun.boot.library.path" value="G:\Java\jdk-19\bin"/>
    <property name="sun.java.command" value="C:\Users\rock0\AppData\Local\Temp\surefire5322373650228976944\surefirebooter11320913874002349073.jar C:\Users\rock0\AppData\Local\Temp\surefire5322373650228976944 2022-10-27T00-49-32_612-jvmRun1 surefire14656218443341158549tmp surefire_017228566292816620910tmp"/>
    <property name="jdk.debug" value="release"/>
    <property name="surefire.test.class.path" value="G:\pwo\lab07\target\test-classes;G:\pwo\lab07\target\classes;C:\Users\rock0\.m2\repository\junit\junit\4.11\junit-4.11.jar;C:\Users\rock0\.m2\repository\org\hamcrest\hamcrest-core\1.3\hamcrest-core-1.3.jar;C:\Users\rock0\.m2\repository\org\apache\pdfbox\pdfbox\2.0.1\pdfbox-2.0.1.jar;C:\Users\rock0\.m2\repository\org\apache\pdfbox\fontbox\2.0.1\fontbox-2.0.1.jar;C:\Users\rock0\.m2\repository\commons-logging\commons-logging\1.2\commons-logging-1.2.jar;"/>
    <property name="sun.cpu.endian" value="little"/>
    <property name="user.home" value="C:\Users\rock0"/>
    <property name="user.language" value="uk"/>
    <property name="java.specification.vendor" value="Oracle Corporation"/>
    <property name="java.version.date" value="2022-10-18"/>
    <property name="java.home" value="G:\Java\jdk-19"/>
    <property name="file.separator" value="\"/>
    <property name="basedir" value="G:\pwo\lab07"/>
    <property name="java.vm.compressedOopsMode" value="32-bit"/>
    <property name="line.separator" value="&#10;"/>
    <property name="java.vm.specification.vendor" value="Oracle Corporation"/>
    <property name="java.specification.name" value="Java Platform API Specification"/>
    <property name="surefire.real.class.path" value="C:\Users\rock0\AppData\Local\Temp\surefire5322373650228976944\surefirebooter11320913874002349073.jar"/>
    <property name="user.script" value=""/>
    <property name="sun.management.compiler" value="HotSpot 64-Bit Tiered Compilers"/>
    <property name="java.runtime.version" value="19.0.1+10-21"/>
    <property name="user.name" value="rock0"/>
    <property name="stdout.encoding" value="Cp1251"/>
    <property name="path.separator" value=";"/>
    <property name="os.version" value="10.0"/>
    <property name="java.runtime.name" value="Java(TM) SE Runtime Environment"/>
    <property name="file.encoding" value="UTF-8"/>
    <property name="java.vm.name" value="Java HotSpot(TM) 64-Bit Server VM"/>
    <property name="localRepository" value="C:\Users\rock0\.m2\repository"/>
    <property name="java.vendor.url.bug" value="https://bugreport.java.com/bugreport/"/>
    <property name="java.io.tmpdir" value="C:\Users\rock0\AppData\Local\Temp\"/>
    <property name="java.version" value="19.0.1"/>
    <property name="user.dir" value="G:\pwo\lab07"/>
    <property name="os.arch" value="amd64"/>
    <property name="java.vm.specification.name" value="Java Virtual Machine Specification"/>
    <property name="user.language.format" value="pl"/>
    <property name="sun.os.patch.level" value=""/>
    <property name="native.encoding" value="Cp1251"/>
    <property name="java.library.path" value="G:\Java\jdk-19\bin;C:\Windows\Sun\Java\bin;C:\Windows\system32;C:\Windows;C:\WinAVR-20100110\bin;C:\WinAVR-20100110\utils\bin;C:\Program Files\Common Files\Oracle\Java\javapath;G:\AVR\WinAVR\bin;G:\AVR\WinAVR\utils\bin;C:\Windows\system32;C:\Windows;C:\Windows\System32\Wbem;C:\Windows\System32\WindowsPowerShell\v1.0\;C:\Windows\System32\OpenSSH\;C:\Program Files\Azure Data Studio\bin;C:\Program Files\Microsoft SQL Server\Client SDK\ODBC\170\Tools\Binn\;C:\Program Files (x86)\Microsoft SQL Server\150\Tools\Binn\;C:\Program Files\Microsoft SQL Server\150\Tools\Binn\;C:\Program Files\Microsoft SQL Server\150\DTS\Binn\;C:\Program Files (x86)\Microsoft SQL Server\150\DTS\Binn\;G:\nodejs\;G:\Git\cmd;C:\Program Files\Docker\Docker\resources\bin;C:\ProgramData\DockerDesktop\version-bin;F:\apache-maven-3.8.6\bin;C:\Users\rock0\AppData\Local\Microsoft\WindowsApps;;C:\Program Files\Azure Data Studio\bin;G:\Microsoft VS Code\bin;C:\Users\rock0\AppData\Roaming\npm;."/>
    <property name="java.vm.info" value="mixed mode, sharing"/>
    <property name="stderr.encoding" value="Cp1251"/>
    <property name="java.vendor" value="Oracle Corporation"/>
    <property name="java.vm.version" value="19.0.1+10-21"/>
    <property name="sun.io.unicode.encoding" value="UnicodeLittle"/>
    <property name="java.class.version" value="63.0"/>
  </properties>
  <testcase name="shouldAnswerWithTrue" classname="pwo.AppTest" time="0"/>
</testsuite>